<?xml version="1.0" encoding="UTF-8"?>
<!-- Generated by org.testng.reporters.JUnitReportReporter -->
<testsuite hostname="LAPTOP-UMRFB5PU" failures="0" tests="2" name="testNgAnnotation.Demo" time="0.016" errors="0" timestamp="2024-06-21T21:21:23 IST" skipped="0">
  <testcase classname="testNgAnnotation.Demo" name="test2" time="0.001"/>
  <system-out/>
  <testcase classname="testNgAnnotation.Demo" name="test" time="0.015"/>
  <system-out/>
</testsuite> <!-- testNgAnnotation.Demo -->
